2022-08-04 20:01:20.370  INFO 9984 --- [restartedMain] c.e.a.AddressBookAppApplication          : Starting AddressBookAppApplication using Java 18.0.1.1 on DESKTOP-A3K6N6F with PID 9984 (D:\SpringBootProject\AddressBookApp\target\classes started by Roshni in D:\SpringBootProject\AddressBookApp)
2022-08-04 20:01:20.557  INFO 9984 --- [restartedMain] c.e.a.AddressBookAppApplication          : The following 1 profile is active: "dev"
2022-08-04 20:01:21.909  INFO 9984 --- [restartedMain] .e.DevToolsPropertyDefaultsPostProcessor : Devtools property defaults active! Set 'spring.devtools.add-properties' to 'false' to disable
2022-08-04 20:01:21.911  INFO 9984 --- [restartedMain] .e.DevToolsPropertyDefaultsPostProcessor : For additional web related logging consider setting the 'logging.level.web' property to 'DEBUG'
2022-08-04 20:01:30.930  INFO 9984 --- [restartedMain] .s.d.r.c.RepositoryConfigurationDelegate : Bootstrapping Spring Data JPA repositories in DEFAULT mode.
2022-08-04 20:01:31.114  INFO 9984 --- [restartedMain] .s.d.r.c.RepositoryConfigurationDelegate : Finished Spring Data repository scanning in 163 ms. Found 1 JPA repository interfaces.
2022-08-04 20:01:43.714  INFO 9984 --- [restartedMain] o.s.b.w.embedded.tomcat.TomcatWebServer  : Tomcat initialized with port(s): 8080 (http)
2022-08-04 20:01:43.823  INFO 9984 --- [restartedMain] o.apache.catalina.core.StandardService   : Starting service [Tomcat]
2022-08-04 20:01:43.824  INFO 9984 --- [restartedMain] org.apache.catalina.core.StandardEngine  : Starting Servlet engine: [Apache Tomcat/9.0.65]
2022-08-04 20:01:45.272  INFO 9984 --- [restartedMain] o.a.c.c.C.[Tomcat].[localhost].[/]       : Initializing Spring embedded WebApplicationContext
2022-08-04 20:01:45.274  INFO 9984 --- [restartedMain] w.s.c.ServletWebServerApplicationContext : Root WebApplicationContext: initialization completed in 23301 ms
2022-08-04 20:01:47.260  INFO 9984 --- [restartedMain] o.hibernate.jpa.internal.util.LogHelper  : HHH000204: Processing PersistenceUnitInfo [name: default]
2022-08-04 20:01:48.261  INFO 9984 --- [restartedMain] org.hibernate.Version                    : HHH000412: Hibernate ORM core version 5.6.10.Final
2022-08-04 20:01:50.719  INFO 9984 --- [restartedMain] o.hibernate.annotations.common.Version   : HCANN000001: Hibernate Commons Annotations {5.1.2.Final}
2022-08-04 20:01:51.909  INFO 9984 --- [restartedMain] com.zaxxer.hikari.HikariDataSource       : HikariPool-1 - Starting...
2022-08-04 20:02:15.138  INFO 9984 --- [restartedMain] com.zaxxer.hikari.HikariDataSource       : HikariPool-1 - Start completed.
2022-08-04 20:02:15.303  INFO 9984 --- [restartedMain] org.hibernate.dialect.Dialect            : HHH000400: Using dialect: org.hibernate.dialect.MySQL5InnoDBDialect
2022-08-04 20:02:44.627  INFO 9984 --- [restartedMain] o.h.e.t.j.p.i.JtaPlatformInitiator       : HHH000490: Using JtaPlatform implementation: [org.hibernate.engine.transaction.jta.platform.internal.NoJtaPlatform]
2022-08-04 20:02:44.956  INFO 9984 --- [restartedMain] j.LocalContainerEntityManagerFactoryBean : Initialized JPA EntityManagerFactory for persistence unit 'default'
2022-08-04 20:02:49.606  WARN 9984 --- [restartedMain] JpaBaseConfiguration$JpaWebConfiguration : spring.jpa.open-in-view is enabled by default. Therefore, database queries may be performed during view rendering. Explicitly configure spring.jpa.open-in-view to disable this warning
2022-08-04 20:02:54.081  INFO 9984 --- [restartedMain] o.s.b.d.a.OptionalLiveReloadServer       : LiveReload server is running on port 35729
2022-08-04 20:02:56.142  INFO 9984 --- [restartedMain] o.s.b.w.embedded.tomcat.TomcatWebServer  : Tomcat started on port(s): 8080 (http) with context path ''
2022-08-04 20:02:56.271  INFO 9984 --- [restartedMain] c.e.a.AddressBookAppApplication          : Started AddressBookAppApplication in 98.982 seconds (JVM running for 137.419)
2022-08-04 20:02:56.279  INFO 9984 --- [restartedMain] c.e.a.AddressBookAppApplication          : Employee Payroll App Started in dev Environment
2022-08-04 20:22:59.030  INFO 1564 --- [restartedMain] c.e.a.AddressBookAppApplication          : Starting AddressBookAppApplication using Java 18.0.1.1 on DESKTOP-A3K6N6F with PID 1564 (D:\SpringBootProject\AddressBookApp\target\classes started by Roshni in D:\SpringBootProject\AddressBookApp)
2022-08-04 20:22:59.111  INFO 1564 --- [restartedMain] c.e.a.AddressBookAppApplication          : The following 1 profile is active: "dev"
2022-08-04 20:22:59.611  INFO 1564 --- [restartedMain] .e.DevToolsPropertyDefaultsPostProcessor : Devtools property defaults active! Set 'spring.devtools.add-properties' to 'false' to disable
2022-08-04 20:22:59.612  INFO 1564 --- [restartedMain] .e.DevToolsPropertyDefaultsPostProcessor : For additional web related logging consider setting the 'logging.level.web' property to 'DEBUG'
2022-08-04 20:23:02.619  INFO 1564 --- [restartedMain] .s.d.r.c.RepositoryConfigurationDelegate : Bootstrapping Spring Data JPA repositories in DEFAULT mode.
2022-08-04 20:23:02.722  INFO 1564 --- [restartedMain] .s.d.r.c.RepositoryConfigurationDelegate : Finished Spring Data repository scanning in 91 ms. Found 1 JPA repository interfaces.
2022-08-04 20:23:05.849  INFO 1564 --- [restartedMain] o.s.b.w.embedded.tomcat.TomcatWebServer  : Tomcat initialized with port(s): 8080 (http)
2022-08-04 20:23:05.953  INFO 1564 --- [restartedMain] o.apache.catalina.core.StandardService   : Starting service [Tomcat]
2022-08-04 20:23:05.954  INFO 1564 --- [restartedMain] org.apache.catalina.core.StandardEngine  : Starting Servlet engine: [Apache Tomcat/9.0.65]
2022-08-04 20:23:06.440  INFO 1564 --- [restartedMain] o.a.c.c.C.[Tomcat].[localhost].[/]       : Initializing Spring embedded WebApplicationContext
2022-08-04 20:23:06.441  INFO 1564 --- [restartedMain] w.s.c.ServletWebServerApplicationContext : Root WebApplicationContext: initialization completed in 6827 ms
2022-08-04 20:23:07.082  INFO 1564 --- [restartedMain] o.hibernate.jpa.internal.util.LogHelper  : HHH000204: Processing PersistenceUnitInfo [name: default]
2022-08-04 20:23:07.289  INFO 1564 --- [restartedMain] org.hibernate.Version                    : HHH000412: Hibernate ORM core version 5.6.10.Final
2022-08-04 20:23:08.086  INFO 1564 --- [restartedMain] o.hibernate.annotations.common.Version   : HCANN000001: Hibernate Commons Annotations {5.1.2.Final}
2022-08-04 20:23:08.462  INFO 1564 --- [restartedMain] com.zaxxer.hikari.HikariDataSource       : HikariPool-1 - Starting...
2022-08-04 20:23:12.001  INFO 1564 --- [restartedMain] com.zaxxer.hikari.HikariDataSource       : HikariPool-1 - Start completed.
2022-08-04 20:23:12.106  INFO 1564 --- [restartedMain] org.hibernate.dialect.Dialect            : HHH000400: Using dialect: org.hibernate.dialect.MySQL5InnoDBDialect
2022-08-04 20:23:15.211  INFO 1564 --- [restartedMain] o.h.e.t.j.p.i.JtaPlatformInitiator       : HHH000490: Using JtaPlatform implementation: [org.hibernate.engine.transaction.jta.platform.internal.NoJtaPlatform]
2022-08-04 20:23:15.245  INFO 1564 --- [restartedMain] j.LocalContainerEntityManagerFactoryBean : Initialized JPA EntityManagerFactory for persistence unit 'default'
2022-08-04 20:23:16.077  WARN 1564 --- [restartedMain] JpaBaseConfiguration$JpaWebConfiguration : spring.jpa.open-in-view is enabled by default. Therefore, database queries may be performed during view rendering. Explicitly configure spring.jpa.open-in-view to disable this warning
2022-08-04 20:23:17.348  INFO 1564 --- [restartedMain] o.s.b.d.a.OptionalLiveReloadServer       : LiveReload server is running on port 35729
2022-08-04 20:23:17.452  INFO 1564 --- [restartedMain] o.s.b.w.embedded.tomcat.TomcatWebServer  : Tomcat started on port(s): 8080 (http) with context path ''
2022-08-04 20:23:17.479  INFO 1564 --- [restartedMain] c.e.a.AddressBookAppApplication          : Started AddressBookAppApplication in 20.109 seconds (JVM running for 28.845)
2022-08-04 20:23:17.483  INFO 1564 --- [restartedMain] c.e.a.AddressBookAppApplication          : Employee Payroll App Started in dev Environment
2022-08-04 20:32:49.347  INFO 1564 --- [http-nio-8080-exec-2] o.a.c.c.C.[Tomcat].[localhost].[/]       : Initializing Spring DispatcherServlet 'dispatcherServlet'
2022-08-04 20:32:49.350  INFO 1564 --- [http-nio-8080-exec-2] o.s.web.servlet.DispatcherServlet        : Initializing Servlet 'dispatcherServlet'
2022-08-04 20:32:49.354  INFO 1564 --- [http-nio-8080-exec-2] o.s.web.servlet.DispatcherServlet        : Completed initialization in 4 ms
2022-08-04 20:32:50.051  WARN 1564 --- [http-nio-8080-exec-2] .w.s.m.s.DefaultHandlerExceptionResolver : Resolved [org.springframework.http.converter.HttpMessageNotReadableException: JSON parse error: Unexpected character ('"' (code 34)): was expecting comma to separate Object entries; nested exception is com.fasterxml.jackson.core.JsonParseException: Unexpected character ('"' (code 34)): was expecting comma to separate Object entries<EOL> at [Source: (org.springframework.util.StreamUtils$NonClosingInputStream); line: 8, column: 7]]
2022-08-04 20:35:35.364  WARN 1564 --- [http-nio-8080-exec-4] .w.s.m.s.DefaultHandlerExceptionResolver : Resolved [org.springframework.http.converter.HttpMessageNotReadableException: JSON parse error: Unexpected character ('"' (code 34)): was expecting comma to separate Object entries; nested exception is com.fasterxml.jackson.core.JsonParseException: Unexpected character ('"' (code 34)): was expecting comma to separate Object entries<EOL> at [Source: (org.springframework.util.StreamUtils$NonClosingInputStream); line: 8, column: 7]]
2022-08-04 22:52:43.574  WARN 1564 --- [HikariPool-1 housekeeper] com.zaxxer.hikari.pool.HikariPool        : HikariPool-1 - Thread starvation or clock leap detected (housekeeper delta=14m29s379ms169µs20ns).
